<?xml version="1.0" encoding="UTF-8"?>
<!-- Generated by org.testng.reporters.JUnitXMLReporter -->
<testsuite ignored="0" hostname="LAPTOP-9IST9IBH" failures="0" tests="4" name="Surefire test" time="0.095" errors="0" timestamp="2022-04-01T22:47:27 COT">
  <testcase classname="lab.ManageDemandTest" name="test_AllOrdersFromColombia" time="0.011"/>
  <testcase classname="lab.ManageDemandTest" name="test_AllOrdersFromOtherCountries" time="0.0"/>
  <testcase classname="lab.ManageDemandTest" name="test_AllOrdersFromPeru" time="0.0"/>
  <testcase classname="lab.TaxTest" name="testAddCalcTax" time="0.0"/>
</testsuite> <!-- Surefire test -->
