<?xml version="1.0" encoding="UTF-8"?>
<!-- Generated by org.testng.reporters.JUnitXMLReporter -->
<testsuite ignored="0" hostname="LAPTOP-9IST9IBH" failures="0" tests="6" name="Surefire test" time="0.489" errors="0" timestamp="2022-04-01T22:59:52 COT">
  <testcase classname="lab.MainTest" name="test_Main" time="0.272"/>
  <testcase classname="lab.ManageDemandTest" name="test_AllOrdersFromColombia" time="0.016"/>
  <testcase classname="lab.ManageDemandTest" name="test_AllOrdersFromOtherCountries" time="0.0"/>
  <testcase classname="lab.ManageDemandTest" name="test_AllOrdersFromPeru" time="0.0"/>
  <testcase classname="lab.OrderTest" name="test_Order" time="0.001"/>
  <testcase classname="lab.TaxTest" name="testAddCalcTax" time="0.0"/>
</testsuite> <!-- Surefire test -->
