<?xml version="1.0" encoding="UTF-8"?>
<testsuite xmlns:xsi="http://www.w3.org/2001/XMLSchema-instance" xsi:noNamespaceSchemaLocation="https://maven.apache.org/surefire/maven-surefire-plugin/xsd/surefire-test-report.xsd" name="TestSuite" time="0.869" tests="4" errors="0" skipped="0" failures="0">
  <properties>
[...]
</properties>
  <testcase name="test_AllOrdersFromColombia" classname="lab.ManageDemandTest" time="0.017"/>
  <testcase name="test_AllOrdersFromOtherCountries" classname="lab.ManageDemandTest" time="0"/>
  <testcase name="test_AllOrdersFromPeru" classname="lab.ManageDemandTest" time="0"/>
  <testcase name="testAddCalcTax" classname="lab.TaxTest" time="0"/>
</testsuite>